[2025-08-20 11:38:34,894] multiqc                                            [DEBUG  ]  This is MultiQC v1.19
[2025-08-20 11:38:34,895] multiqc                                            [DEBUG  ]  Command used: /home/caadams/.conda/envs/fastqc_enviro/bin/multiqc . -o ../../multiqc_report/raw_fastqc/GSE197609
[2025-08-20 11:38:35,190] multiqc                                            [WARNING]  MultiQC Version v1.30 now available!
[2025-08-20 11:38:35,190] multiqc                                            [DEBUG  ]  Working dir : /storage/caadams/dissertation/fastqc_raw/GSE197609
[2025-08-20 11:38:35,190] multiqc                                            [DEBUG  ]  Template    : default
[2025-08-20 11:38:35,190] multiqc                                            [DEBUG  ]  Running Python 3.13.5 | packaged by conda-forge | (main, Jun 16 2025, 08:27:50) [GCC 13.3.0]
[2025-08-20 11:38:35,191] multiqc                                            [DEBUG  ]  Analysing modules: custom_content, ccs, ngsderive, purple, conpair, lima, peddy, somalier, methylQA, mosdepth, phantompeakqualtools, qualimap, preseq, hifiasm, quast, qorts, rna_seqc, rockhopper, rsem, rseqc, busco, bustools, goleft_indexcov, gffcompare, disambiguate, supernova, deeptools, sargasso, verifybamid, mirtrace, happy, mirtop, sambamba, gopeaks, homer, hops, macs2, theta2, snpeff, gatk, htseq, bcftools, featureCounts, fgbio, dragen, dragen_fastqc, dedup, pbmarkdup, damageprofiler, mapdamage, biobambam2, jcvi, mtnucratio, picard, vep, bakta, prokka, qc3C, nanostat, samblaster, samtools, sexdeterrmine, seqera_cli, eigenstratdatabasetools, bamtools, jellyfish, vcftools, longranger, stacks, varscan2, snippy, umitools, truvari, bbmap, bismark, biscuit, diamond, hicexplorer, hicup, hicpro, salmon, kallisto, slamdunk, star, hisat2, tophat, bowtie2, bowtie1, cellranger, snpsplit, odgi, pangolin, nextclade, freyja, humid, kat, leehom, librarian, adapterRemoval, bbduk, clipandmerge, cutadapt, flexbar, sourmash, kaiju, bracken, kraken, malt, motus, trimmomatic, sickle, skewer, sortmerna, biobloomtools, fastq_screen, afterqc, fastp, fastqc, filtlong, prinseqplusplus, pychopper, porechop, pycoqc, minionqc, anglerfish, multivcfanalyzer, clusterflow, checkqc, bcl2fastq, bclconvert, interop, ivar, flash, seqyclean, optitype, whatshap, xenome, xengsort
[2025-08-20 11:38:35,191] multiqc                                            [DEBUG  ]  Using temporary directory for creating report: /tmp/tmp55a6po_g
[2025-08-20 11:38:35,192] multiqc                                            [INFO   ]  Search path : /storage/caadams/dissertation/fastqc_raw/GSE197609
[2025-08-20 11:38:35,826] multiqc                                            [DEBUG  ]  Summary of files that were skipped by the search: [skipped_module_specific_max_filesize: 208] // [skipped_no_match: 16]
[2025-08-20 11:38:36,181] multiqc.plots.bargraph                             [DEBUG  ]  Using matplotlib version 3.10.3
[2025-08-20 11:38:36,182] multiqc.plots.linegraph                            [DEBUG  ]  Using matplotlib version 3.10.3
[2025-08-20 11:38:36,183] multiqc                                            [DEBUG  ]  No samples found: custom_content
[2025-08-20 11:38:37,733] multiqc.modules.fastqc.fastqc                      [INFO   ]  Found 16 reports
[2025-08-20 11:38:37,770] multiqc.utils.software_versions                    [DEBUG  ]  Reading software versions from config.software_versions
[2025-08-20 11:38:37,781] multiqc                                            [DEBUG  ]  Compressing plot data
[2025-08-20 11:38:37,934] multiqc                                            [INFO   ]  Report      : ../../multiqc_report/raw_fastqc/GSE197609/multiqc_report.html
[2025-08-20 11:38:37,934] multiqc                                            [INFO   ]  Data        : ../../multiqc_report/raw_fastqc/GSE197609/multiqc_data
[2025-08-20 11:38:37,934] multiqc                                            [DEBUG  ]  Moving data file from '/tmp/tmp55a6po_g/multiqc_data' to '../../multiqc_report/raw_fastqc/GSE197609/multiqc_data'
[2025-08-20 11:38:37,942] multiqc                                            [DEBUG  ]  Full report path: /storage/caadams/dissertation/multiqc_report/raw_fastqc/GSE197609/multiqc_report.html
[2025-08-20 11:38:38,016] multiqc                                            [INFO   ]  MultiQC complete
